TN:
SF:src/application/use-cases/CategoryUseCases.ts
FN:5,(anonymous_1)
FN:19,(anonymous_2)
FN:30,(anonymous_3)
FN:41,(anonymous_4)
FN:47,(anonymous_5)
FN:75,(anonymous_6)
FNF:6
FNH:5
FNDA:1,(anonymous_1)
FNDA:2,(anonymous_2)
FNDA:0,(anonymous_3)
FNDA:1,(anonymous_4)
FNDA:2,(anonymous_5)
FNDA:2,(anonymous_6)
DA:1,1
DA:10,1
DA:11,1
DA:12,0
DA:15,1
DA:16,1
DA:23,2
DA:24,2
DA:25,1
DA:27,1
DA:34,0
DA:35,0
DA:36,0
DA:38,0
DA:44,1
DA:53,2
DA:54,2
DA:55,1
DA:59,1
DA:60,1
DA:61,1
DA:62,0
DA:64,1
DA:68,1
DA:69,1
DA:72,1
DA:79,2
DA:80,2
DA:81,1
DA:84,1
DA:88,1
LF:31
LH:25
BRDA:11,0,0,0
BRDA:24,1,0,1
BRDA:35,2,0,0
BRDA:54,3,0,1
BRDA:59,4,0,1
BRDA:59,5,0,1
BRDA:59,5,1,1
BRDA:61,6,0,0
BRDA:68,7,0,1
BRDA:80,8,0,1
BRF:10
BRH:7
end_of_record
TN:
SF:src/application/use-cases/CustomerUseCases.ts
FN:5,(anonymous_1)
FN:25,(anonymous_2)
FN:36,(anonymous_3)
FN:47,(anonymous_4)
FN:58,(anonymous_5)
FN:62,(anonymous_6)
FN:104,(anonymous_7)
FNF:7
FNH:4
FNDA:1,(anonymous_1)
FNDA:2,(anonymous_2)
FNDA:0,(anonymous_3)
FNDA:0,(anonymous_4)
FNDA:0,(anonymous_5)
FNDA:2,(anonymous_6)
FNDA:2,(anonymous_7)
DA:1,1
DA:12,1
DA:13,1
DA:14,0
DA:16,1
DA:17,1
DA:18,0
DA:21,1
DA:22,1
DA:29,2
DA:30,2
DA:31,1
DA:33,1
DA:40,0
DA:41,0
DA:42,0
DA:44,0
DA:51,0
DA:52,0
DA:53,0
DA:55,0
DA:59,0
DA:70,2
DA:71,2
DA:72,1
DA:76,1
DA:77,1
DA:78,1
DA:79,0
DA:81,1
DA:85,1
DA:86,1
DA:87,1
DA:88,0
DA:90,1
DA:94,1
DA:95,1
DA:97,1
DA:98,1
DA:101,1
DA:108,2
DA:109,2
DA:110,1
DA:113,1
DA:117,1
LF:45
LH:32
BRDA:13,0,0,0
BRDA:17,1,0,0
BRDA:30,2,0,1
BRDA:41,3,0,0
BRDA:52,4,0,0
BRDA:71,5,0,1
BRDA:76,6,0,1
BRDA:76,7,0,1
BRDA:76,7,1,1
BRDA:78,8,0,0
BRDA:85,9,0,1
BRDA:85,10,0,1
BRDA:85,10,1,1
BRDA:87,11,0,0
BRDA:94,12,0,1
BRDA:97,13,0,1
BRDA:109,14,0,1
BRF:17
BRH:11
end_of_record
TN:
SF:src/application/use-cases/OrderUseCases.ts
FN:8,(anonymous_9)
FN:43,(anonymous_10)
FN:54,(anonymous_11)
FN:61,(anonymous_12)
FN:65,(anonymous_13)
FN:102,(anonymous_14)
FN:132,(anonymous_15)
FN:147,(anonymous_16)
FNF:8
FNH:5
FNDA:3,(anonymous_9)
FNDA:2,(anonymous_10)
FNDA:0,(anonymous_11)
FNDA:0,(anonymous_12)
FNDA:2,(anonymous_13)
FNDA:2,(anonymous_14)
FNDA:0,(anonymous_15)
FNDA:2,(anonymous_16)
DA:1,1
DA:16,3
DA:17,3
DA:18,3
DA:19,1
DA:24,2
DA:25,2
DA:28,2
DA:29,2
DA:30,2
DA:31,1
DA:33,1
DA:34,0
DA:39,1
DA:40,1
DA:47,2
DA:48,2
DA:49,1
DA:51,1
DA:58,0
DA:62,0
DA:70,2
DA:71,2
DA:72,1
DA:76,1
DA:78,1
DA:79,1
DA:81,0
DA:82,0
DA:84,0
DA:85,0
DA:87,0
DA:88,0
DA:90,0
DA:91,0
DA:93,0
DA:94,0
DA:96,0
DA:99,1
DA:108,2
DA:109,2
DA:110,0
DA:113,2
DA:114,1
DA:118,1
DA:119,1
DA:120,1
DA:121,0
DA:123,1
DA:124,0
DA:128,1
DA:129,1
DA:138,0
DA:139,0
DA:140,0
DA:143,0
DA:144,0
DA:148,2
DA:149,2
DA:150,0
DA:153,2
DA:154,1
DA:157,1
DA:161,1
LF:64
LH:41
BRDA:16,0,0,3
BRDA:16,1,0,3
BRDA:16,1,1,3
BRDA:18,2,0,1
BRDA:30,3,0,1
BRDA:33,4,0,0
BRDA:48,5,0,1
BRDA:71,6,0,1
BRDA:76,7,0,1
BRDA:76,7,1,0
BRDA:76,7,2,0
BRDA:76,7,3,0
BRDA:76,7,4,0
BRDA:76,7,5,0
BRDA:76,7,6,0
BRDA:109,8,0,0
BRDA:113,9,0,1
BRDA:120,10,0,0
BRDA:123,11,0,0
BRDA:139,12,0,0
BRDA:149,13,0,0
BRDA:153,14,0,1
BRF:22
BRH:10
end_of_record
TN:
SF:src/application/use-cases/ProductUseCases.ts
FN:6,(anonymous_1)
FN:36,(anonymous_2)
FN:47,(anonymous_3)
FN:58,(anonymous_4)
FN:65,(anonymous_5)
FN:69,(anonymous_6)
FN:113,(anonymous_7)
FNF:7
FNH:5
FNDA:2,(anonymous_1)
FNDA:2,(anonymous_2)
FNDA:0,(anonymous_3)
FNDA:0,(anonymous_4)
FNDA:1,(anonymous_5)
FNDA:2,(anonymous_6)
FNDA:2,(anonymous_7)
DA:1,1
DA:15,2
DA:16,2
DA:17,0
DA:20,2
DA:21,2
DA:22,1
DA:25,1
DA:33,1
DA:40,2
DA:41,2
DA:42,1
DA:44,1
DA:51,0
DA:52,0
DA:53,0
DA:55,0
DA:62,0
DA:66,1
DA:79,2
DA:80,2
DA:81,1
DA:85,1
DA:86,1
DA:87,1
DA:88,0
DA:90,1
DA:94,1
DA:95,1
DA:97,1
DA:98,1
DA:100,1
DA:101,0
DA:103,1
DA:104,0
DA:106,1
DA:107,1
DA:110,1
DA:117,2
DA:118,2
DA:119,1
DA:122,1
DA:126,1
LF:43
LH:34
BRDA:16,0,0,0
BRDA:21,1,0,1
BRDA:41,2,0,1
BRDA:52,3,0,0
BRDA:80,4,0,1
BRDA:85,5,0,1
BRDA:85,6,0,1
BRDA:85,6,1,1
BRDA:87,7,0,0
BRDA:94,8,0,1
BRDA:97,9,0,1
BRDA:100,10,0,0
BRDA:103,11,0,0
BRDA:106,12,0,1
BRDA:118,13,0,1
BRF:15
BRH:10
end_of_record
TN:
SF:src/domain/entities/CPF.ts
FN:4,(anonymous_0)
FN:9,(anonymous_1)
FN:51,(anonymous_2)
FN:59,(anonymous_3)
FN:63,(anonymous_4)
FNF:5
FNH:5
FNDA:43,(anonymous_0)
FNDA:43,(anonymous_1)
FNDA:33,(anonymous_2)
FNDA:9,(anonymous_3)
FNDA:1,(anonymous_4)
DA:5,43
DA:6,33
DA:10,43
DA:11,1
DA:15,42
DA:17,42
DA:18,2
DA:22,40
DA:23,1
DA:27,39
DA:28,39
DA:29,351
DA:31,39
DA:32,39
DA:34,39
DA:35,3
DA:39,36
DA:40,36
DA:41,360
DA:43,36
DA:44,36
DA:46,36
DA:47,3
DA:53,33
DA:56,33
DA:60,9
DA:64,1
DA:68,4
LF:28
LH:28
BRDA:10,0,0,1
BRDA:17,1,0,2
BRDA:22,2,0,1
BRDA:32,3,0,29
BRDA:32,3,1,10
BRDA:34,4,0,3
BRDA:44,5,0,2
BRDA:44,5,1,34
BRDA:46,6,0,3
BRF:9
BRH:9
end_of_record
TN:
SF:src/domain/entities/Category.ts
FN:8,(anonymous_0)
FN:18,(anonymous_1)
FN:27,(anonymous_2)
FN:39,(anonymous_3)
FN:49,(anonymous_4)
FN:53,(anonymous_5)
FN:57,(anonymous_6)
FN:62,(anonymous_7)
FN:67,(anonymous_8)
FN:75,(anonymous_9)
FNF:10
FNH:10
FNDA:22,(anonymous_0)
FNDA:22,(anonymous_1)
FNDA:24,(anonymous_2)
FNDA:21,(anonymous_3)
FNDA:6,(anonymous_4)
FNDA:4,(anonymous_5)
FNDA:3,(anonymous_6)
FNDA:3,(anonymous_7)
FNDA:3,(anonymous_8)
FNDA:1,(anonymous_9)
DA:1,3
DA:9,22
DA:10,21
DA:11,18
DA:13,16
DA:14,16
DA:15,16
DA:19,22
DA:20,0
DA:22,22
DA:23,1
DA:28,24
DA:29,1
DA:31,23
DA:32,2
DA:34,21
DA:35,1
DA:40,21
DA:41,1
DA:43,20
DA:44,2
DA:50,6
DA:54,4
DA:58,3
DA:63,3
DA:64,2
DA:68,3
DA:69,2
DA:76,1
DA:84,3
LF:30
LH:29
BRDA:8,0,0,2
BRDA:19,1,0,0
BRDA:19,2,0,22
BRDA:19,2,1,22
BRDA:22,3,0,1
BRDA:28,4,0,1
BRDA:28,5,0,24
BRDA:28,5,1,23
BRDA:31,6,0,2
BRDA:34,7,0,1
BRDA:40,8,0,1
BRDA:40,9,0,21
BRDA:40,9,1,20
BRDA:43,10,0,2
BRF:14
BRH:13
end_of_record
TN:
SF:src/domain/entities/Customer.ts
FN:12,(anonymous_1)
FN:30,(anonymous_2)
FN:39,(anonymous_3)
FN:51,(anonymous_4)
FN:62,(anonymous_5)
FN:66,(anonymous_6)
FN:70,(anonymous_7)
FN:74,(anonymous_8)
FN:78,(anonymous_9)
FN:83,(anonymous_10)
FN:88,(anonymous_11)
FN:93,(anonymous_12)
FN:97,(anonymous_13)
FN:104,(anonymous_14)
FNF:14
FNH:14
FNDA:35,(anonymous_1)
FNDA:35,(anonymous_2)
FNDA:35,(anonymous_3)
FNDA:32,(anonymous_4)
FNDA:7,(anonymous_5)
FNDA:2,(anonymous_6)
FNDA:3,(anonymous_7)
FNDA:5,(anonymous_8)
FNDA:3,(anonymous_9)
FNDA:2,(anonymous_10)
FNDA:2,(anonymous_11)
FNDA:2,(anonymous_12)
FNDA:2,(anonymous_13)
FNDA:2,(anonymous_14)
DA:1,3
DA:2,3
DA:3,3
DA:19,35
DA:20,33
DA:21,30
DA:23,23
DA:24,23
DA:25,23
DA:26,23
DA:27,22
DA:31,35
DA:32,1
DA:34,34
DA:35,1
DA:40,35
DA:41,1
DA:43,34
DA:44,1
DA:46,33
DA:47,1
DA:52,32
DA:53,1
DA:55,31
DA:56,31
DA:57,6
DA:63,7
DA:67,2
DA:71,3
DA:75,5
DA:79,3
DA:84,2
DA:85,2
DA:89,2
DA:90,2
DA:94,2
DA:98,2
DA:105,2
DA:115,3
LF:39
LH:39
BRDA:13,0,0,2
BRDA:27,1,0,15
BRDA:27,1,1,7
BRDA:31,2,0,1
BRDA:31,3,0,35
BRDA:31,3,1,34
BRDA:34,4,0,1
BRDA:40,5,0,1
BRDA:40,6,0,35
BRDA:40,6,1,34
BRDA:43,7,0,1
BRDA:46,8,0,1
BRDA:52,9,0,1
BRDA:52,10,0,32
BRDA:52,10,1,31
BRDA:56,11,0,6
BRDA:94,12,0,2
BRDA:94,12,1,0
BRF:18
BRH:17
end_of_record
TN:
SF:src/domain/entities/Order.ts
FN:4,(anonymous_0)
FN:23,(anonymous_1)
FN:44,(anonymous_2)
FN:53,(anonymous_3)
FN:62,(anonymous_4)
FN:68,(anonymous_5)
FN:77,(anonymous_6)
FN:78,(anonymous_7)
FN:82,(anonymous_8)
FN:86,(anonymous_9)
FN:90,(anonymous_10)
FN:94,(anonymous_11)
FN:98,(anonymous_12)
FN:102,(anonymous_13)
FN:106,(anonymous_14)
FN:111,(anonymous_15)
FN:123,(anonymous_16)
FN:133,(anonymous_17)
FN:143,(anonymous_18)
FN:153,(anonymous_19)
FN:161,(anonymous_20)
FN:173,(anonymous_21)
FN:189,(anonymous_22)
FN:201,(anonymous_23)
FN:211,(anonymous_24)
FN:216,(anonymous_25)
FN:227,(anonymous_26)
FN:231,(anonymous_27)
FNF:28
FNH:28
FNDA:2,(anonymous_0)
FNDA:38,(anonymous_1)
FNDA:38,(anonymous_2)
FNDA:37,(anonymous_3)
FNDA:36,(anonymous_4)
FNDA:14,(anonymous_5)
FNDA:44,(anonymous_6)
FNDA:46,(anonymous_7)
FNDA:5,(anonymous_8)
FNDA:1,(anonymous_9)
FNDA:7,(anonymous_10)
FNDA:10,(anonymous_11)
FNDA:6,(anonymous_12)
FNDA:1,(anonymous_13)
FNDA:1,(anonymous_14)
FNDA:15,(anonymous_15)
FNDA:6,(anonymous_16)
FNDA:5,(anonymous_17)
FNDA:4,(anonymous_18)
FNDA:3,(anonymous_19)
FNDA:3,(anonymous_20)
FNDA:7,(anonymous_21)
FNDA:3,(anonymous_22)
FNDA:5,(anonymous_23)
FNDA:3,(anonymous_24)
FNDA:2,(anonymous_25)
FNDA:1,(anonymous_26)
FNDA:1,(anonymous_27)
DA:1,2
DA:4,2
DA:5,2
DA:6,2
DA:7,2
DA:8,2
DA:9,2
DA:10,2
DA:11,2
DA:29,38
DA:30,37
DA:31,37
DA:33,36
DA:35,35
DA:36,35
DA:37,35
DA:38,35
DA:39,35
DA:40,35
DA:41,35
DA:45,38
DA:46,0
DA:48,38
DA:49,1
DA:54,37
DA:55,0
DA:57,37
DA:58,1
DA:63,36
DA:64,1
DA:69,14
DA:70,0
DA:72,14
DA:73,1
DA:78,46
DA:83,5
DA:87,1
DA:91,7
DA:95,10
DA:99,6
DA:103,1
DA:107,1
DA:112,15
DA:113,1
DA:117,14
DA:119,13
DA:120,13
DA:124,6
DA:125,1
DA:129,5
DA:130,5
DA:134,5
DA:135,1
DA:139,4
DA:140,4
DA:144,4
DA:145,1
DA:149,3
DA:150,3
DA:154,3
DA:155,1
DA:157,2
DA:158,2
DA:162,3
DA:163,1
DA:165,2
DA:166,1
DA:168,1
DA:169,1
DA:174,7
DA:175,1
DA:178,6
DA:180,6
DA:181,0
DA:184,6
DA:185,6
DA:186,6
DA:190,3
DA:191,1
DA:194,2
DA:196,2
DA:197,0
DA:200,2
DA:201,5
DA:203,2
DA:204,0
DA:207,2
DA:208,2
DA:212,3
DA:213,1
DA:216,2
DA:217,2
DA:218,1
DA:221,1
DA:222,1
DA:223,1
DA:228,1
DA:231,1
DA:241,2
LF:99
LH:93
BRDA:4,0,0,2
BRDA:4,0,1,2
BRDA:24,1,0,3
BRDA:26,2,0,2
BRDA:27,3,0,38
BRDA:30,4,0,37
BRDA:45,5,0,0
BRDA:45,6,0,38
BRDA:45,6,1,38
BRDA:48,7,0,1
BRDA:54,8,0,0
BRDA:54,9,0,37
BRDA:54,9,1,37
BRDA:57,10,0,1
BRDA:63,11,0,1
BRDA:69,12,0,0
BRDA:72,13,0,1
BRDA:112,14,0,1
BRDA:124,15,0,1
BRDA:134,16,0,1
BRDA:144,17,0,1
BRDA:154,18,0,1
BRDA:162,19,0,1
BRDA:165,20,0,1
BRDA:174,21,0,1
BRDA:178,22,0,4
BRDA:178,22,1,2
BRDA:180,23,0,0
BRDA:190,24,0,1
BRDA:194,25,0,1
BRDA:194,25,1,1
BRDA:196,26,0,0
BRDA:203,27,0,0
BRDA:212,28,0,1
BRDA:217,29,0,1
BRF:35
BRH:29
end_of_record
TN:
SF:src/domain/entities/OrderItem.ts
FN:12,(anonymous_0)
FN:38,(anonymous_1)
FN:47,(anonymous_2)
FN:56,(anonymous_3)
FN:65,(anonymous_4)
FN:77,(anonymous_5)
FN:86,(anonymous_6)
FN:92,(anonymous_7)
FN:97,(anonymous_8)
FN:101,(anonymous_9)
FN:105,(anonymous_10)
FN:109,(anonymous_11)
FN:113,(anonymous_12)
FN:117,(anonymous_13)
FN:121,(anonymous_14)
FN:126,(anonymous_15)
FN:132,(anonymous_16)
FN:138,(anonymous_17)
FN:148,(anonymous_18)
FNF:19
FNH:17
FNDA:35,(anonymous_0)
FNDA:35,(anonymous_1)
FNDA:34,(anonymous_2)
FNDA:33,(anonymous_3)
FNDA:36,(anonymous_4)
FNDA:29,(anonymous_5)
FNDA:4,(anonymous_6)
FNDA:30,(anonymous_7)
FNDA:17,(anonymous_8)
FNDA:2,(anonymous_9)
FNDA:6,(anonymous_10)
FNDA:4,(anonymous_11)
FNDA:3,(anonymous_12)
FNDA:58,(anonymous_13)
FNDA:3,(anonymous_14)
FNDA:4,(anonymous_15)
FNDA:0,(anonymous_16)
FNDA:0,(anonymous_17)
FNDA:4,(anonymous_18)
DA:1,3
DA:20,35
DA:21,34
DA:22,33
DA:23,32
DA:24,29
DA:25,28
DA:26,4
DA:29,28
DA:30,28
DA:31,28
DA:32,28
DA:33,28
DA:34,28
DA:35,28
DA:39,35
DA:40,0
DA:42,35
DA:43,1
DA:48,34
DA:49,0
DA:51,34
DA:52,1
DA:57,33
DA:58,0
DA:60,33
DA:61,1
DA:66,36
DA:67,0
DA:69,36
DA:70,3
DA:72,33
DA:73,2
DA:78,29
DA:79,0
DA:81,29
DA:82,1
DA:87,4
DA:88,0
DA:93,30
DA:98,17
DA:102,2
DA:106,6
DA:110,4
DA:114,3
DA:118,58
DA:122,3
DA:127,4
DA:128,2
DA:129,2
DA:133,0
DA:134,0
DA:135,0
DA:139,0
DA:140,0
DA:142,0
DA:149,4
DA:161,3
LF:58
LH:46
BRDA:13,0,0,1
BRDA:25,1,0,4
BRDA:39,2,0,0
BRDA:39,3,0,35
BRDA:39,3,1,35
BRDA:42,4,0,1
BRDA:48,5,0,0
BRDA:48,6,0,34
BRDA:48,6,1,34
BRDA:51,7,0,1
BRDA:57,8,0,0
BRDA:57,9,0,33
BRDA:57,9,1,33
BRDA:60,10,0,1
BRDA:66,11,0,0
BRDA:66,12,0,36
BRDA:66,12,1,36
BRDA:69,13,0,3
BRDA:72,14,0,2
BRDA:78,15,0,0
BRDA:78,16,0,29
BRDA:78,16,1,29
BRDA:81,17,0,1
BRDA:87,18,0,0
BRDA:139,19,0,0
BRF:25
BRH:18
end_of_record
TN:
SF:src/domain/entities/Phone.ts
FN:6,(anonymous_0)
FN:13,(anonymous_1)
FN:38,(anonymous_2)
FN:51,(anonymous_3)
FN:55,(anonymous_4)
FNF:5
FNH:5
FNDA:32,(anonymous_0)
FNDA:30,(anonymous_1)
FNDA:22,(anonymous_2)
FNDA:14,(anonymous_3)
FNDA:2,(anonymous_4)
DA:7,32
DA:8,30
DA:9,22
DA:15,30
DA:18,30
DA:19,7
DA:20,2
DA:24,5
DA:25,1
DA:29,23
DA:30,3
DA:32,20
DA:33,2
DA:40,22
DA:43,22
DA:44,4
DA:48,18
DA:52,14
DA:56,2
DA:60,4
LF:20
LH:20
BRDA:7,0,0,30
BRDA:18,1,0,7
BRDA:18,1,1,23
BRDA:19,2,0,2
BRDA:24,3,0,1
BRDA:29,4,0,3
BRDA:32,5,0,2
BRDA:43,6,0,4
BRF:8
BRH:8
end_of_record
TN:
SF:src/domain/entities/Product.ts
FN:12,(anonymous_0)
FN:39,(anonymous_1)
FN:48,(anonymous_2)
FN:60,(anonymous_3)
FN:69,(anonymous_4)
FN:78,(anonymous_5)
FN:84,(anonymous_6)
FN:94,(anonymous_7)
FN:98,(anonymous_8)
FN:102,(anonymous_9)
FN:106,(anonymous_10)
FN:110,(anonymous_11)
FN:114,(anonymous_12)
FN:118,(anonymous_13)
FN:123,(anonymous_14)
FN:128,(anonymous_15)
FN:133,(anonymous_16)
FN:138,(anonymous_17)
FN:143,(anonymous_18)
FN:150,(anonymous_19)
FN:157,(anonymous_20)
FNF:21
FNH:21
FNDA:30,(anonymous_0)
FNDA:30,(anonymous_1)
FNDA:32,(anonymous_2)
FNDA:28,(anonymous_3)
FNDA:27,(anonymous_4)
FNDA:24,(anonymous_5)
FNDA:4,(anonymous_6)
FNDA:6,(anonymous_7)
FNDA:4,(anonymous_8)
FNDA:3,(anonymous_9)
FNDA:5,(anonymous_10)
FNDA:3,(anonymous_11)
FNDA:4,(anonymous_12)
FNDA:5,(anonymous_13)
FNDA:3,(anonymous_14)
FNDA:2,(anonymous_15)
FNDA:3,(anonymous_16)
FNDA:1,(anonymous_17)
FNDA:1,(anonymous_18)
FNDA:2,(anonymous_19)
FNDA:1,(anonymous_20)
DA:1,3
DA:21,30
DA:22,29
DA:23,26
DA:24,24
DA:25,23
DA:26,22
DA:27,3
DA:30,22
DA:31,22
DA:32,22
DA:33,22
DA:34,22
DA:35,22
DA:36,22
DA:40,30
DA:41,0
DA:43,30
DA:44,1
DA:49,32
DA:50,1
DA:52,31
DA:53,2
DA:55,29
DA:56,1
DA:61,28
DA:62,1
DA:64,27
DA:65,1
DA:70,27
DA:71,0
DA:73,27
DA:74,2
DA:79,24
DA:80,1
DA:86,4
DA:87,4
DA:89,0
DA:95,6
DA:99,4
DA:103,3
DA:107,5
DA:111,3
DA:115,4
DA:119,5
DA:124,3
DA:125,2
DA:129,2
DA:130,2
DA:134,3
DA:135,2
DA:139,1
DA:140,1
DA:144,1
DA:145,1
DA:147,1
DA:151,2
DA:158,1
DA:170,3
LF:59
LH:56
BRDA:13,0,0,2
BRDA:19,1,0,22
BRDA:26,2,0,3
BRDA:40,3,0,0
BRDA:40,4,0,30
BRDA:40,4,1,30
BRDA:43,5,0,1
BRDA:49,6,0,1
BRDA:49,7,0,32
BRDA:49,7,1,31
BRDA:52,8,0,2
BRDA:55,9,0,1
BRDA:61,10,0,1
BRDA:61,11,0,28
BRDA:61,11,1,27
BRDA:64,12,0,1
BRDA:70,13,0,0
BRDA:70,14,0,27
BRDA:70,14,1,27
BRDA:73,15,0,2
BRDA:79,16,0,1
BRDA:79,17,0,24
BRDA:79,17,1,23
BRDA:144,18,0,1
BRF:24
BRH:22
end_of_record
