TN:
SF:src\domain\entities\CPF.ts
FN:4,(anonymous_0)
FN:9,(anonymous_1)
FN:51,(anonymous_2)
FN:59,(anonymous_3)
FN:63,(anonymous_4)
FNF:5
FNH:5
FNDA:35,(anonymous_0)
FNDA:35,(anonymous_1)
FNDA:25,(anonymous_2)
FNDA:8,(anonymous_3)
FNDA:1,(anonymous_4)
DA:5,35
DA:6,25
DA:10,35
DA:11,1
DA:15,34
DA:17,34
DA:18,2
DA:22,32
DA:23,1
DA:27,31
DA:28,31
DA:29,279
DA:31,31
DA:32,31
DA:34,31
DA:35,3
DA:39,28
DA:40,28
DA:41,280
DA:43,28
DA:44,28
DA:46,28
DA:47,3
DA:53,25
DA:56,25
DA:60,8
DA:64,1
DA:68,2
LF:28
LH:28
BRDA:10,0,0,1
BRDA:17,1,0,2
BRDA:22,2,0,1
BRDA:32,3,0,29
BRDA:32,3,1,2
BRDA:34,4,0,3
BRDA:44,5,0,2
BRDA:44,5,1,26
BRDA:46,6,0,3
BRF:9
BRH:9
end_of_record
TN:
SF:src\domain\entities\Customer.ts
FN:12,(anonymous_1)
FN:30,(anonymous_2)
FN:39,(anonymous_3)
FN:51,(anonymous_4)
FN:62,(anonymous_5)
FN:66,(anonymous_6)
FN:70,(anonymous_7)
FN:74,(anonymous_8)
FN:78,(anonymous_9)
FN:83,(anonymous_10)
FN:88,(anonymous_11)
FN:93,(anonymous_12)
FN:97,(anonymous_13)
FN:104,(anonymous_14)
FNF:14
FNH:14
FNDA:28,(anonymous_1)
FNDA:28,(anonymous_2)
FNDA:27,(anonymous_3)
FNDA:24,(anonymous_4)
FNDA:4,(anonymous_5)
FNDA:2,(anonymous_6)
FNDA:2,(anonymous_7)
FNDA:5,(anonymous_8)
FNDA:2,(anonymous_9)
FNDA:1,(anonymous_10)
FNDA:1,(anonymous_11)
FNDA:1,(anonymous_12)
FNDA:1,(anonymous_13)
FNDA:2,(anonymous_14)
DA:1,1
DA:2,1
DA:3,1
DA:19,28
DA:20,26
DA:21,23
DA:23,16
DA:24,16
DA:25,16
DA:26,16
DA:27,15
DA:31,28
DA:32,1
DA:34,27
DA:35,1
DA:40,27
DA:41,1
DA:43,26
DA:44,1
DA:46,25
DA:47,1
DA:52,24
DA:53,1
DA:55,23
DA:56,23
DA:57,6
DA:63,4
DA:67,2
DA:71,2
DA:75,5
DA:79,2
DA:84,1
DA:85,1
DA:89,1
DA:90,1
DA:94,1
DA:98,1
DA:105,2
DA:115,1
LF:39
LH:39
BRDA:13,0,0,1
BRDA:27,1,0,8
BRDA:27,1,1,7
BRDA:31,2,0,1
BRDA:31,3,0,28
BRDA:31,3,1,27
BRDA:34,4,0,1
BRDA:40,5,0,1
BRDA:40,6,0,27
BRDA:40,6,1,26
BRDA:43,7,0,1
BRDA:46,8,0,1
BRDA:52,9,0,1
BRDA:52,10,0,24
BRDA:52,10,1,23
BRDA:56,11,0,6
BRDA:94,12,0,1
BRDA:94,12,1,0
BRF:18
BRH:17
end_of_record
TN:
SF:src\domain\entities\Phone.ts
FN:6,(anonymous_0)
FN:13,(anonymous_1)
FN:38,(anonymous_2)
FN:51,(anonymous_3)
FN:55,(anonymous_4)
FNF:5
FNH:5
FNDA:24,(anonymous_0)
FNDA:22,(anonymous_1)
FNDA:14,(anonymous_2)
FNDA:14,(anonymous_3)
FNDA:2,(anonymous_4)
DA:7,24
DA:8,22
DA:9,14
DA:15,22
DA:18,22
DA:19,7
DA:20,2
DA:24,5
DA:25,1
DA:29,15
DA:30,3
DA:32,12
DA:33,2
DA:40,14
DA:43,14
DA:44,4
DA:48,10
DA:52,14
DA:56,2
DA:60,2
LF:20
LH:20
BRDA:7,0,0,22
BRDA:18,1,0,7
BRDA:18,1,1,15
BRDA:19,2,0,2
BRDA:24,3,0,1
BRDA:29,4,0,3
BRDA:32,5,0,2
BRDA:43,6,0,4
BRF:8
BRH:8
end_of_record
